\BOOKMARK [0][-]{Doc-Start}{Problem Description}{}% 1
\BOOKMARK [0][-]{chapter*.1}{Abstract}{}% 2
\BOOKMARK [0][-]{chapter*.2}{Sammendrag}{}% 3
\BOOKMARK [0][-]{chapter*.3}{Preface}{}% 4
\BOOKMARK [0][-]{chapter*.4}{Acronyms}{}% 5
\BOOKMARK [0][-]{chapter*.6}{Contents}{}% 6
\BOOKMARK [0][-]{chapter*.7}{List of Figures}{}% 7
\BOOKMARK [0][-]{chapter*.8}{List of Tables}{}% 8
\BOOKMARK [0][-]{chapter.1}{Introduction}{}% 9
\BOOKMARK [1][-]{section.1.1}{Background and motivation}{chapter.1}% 10
\BOOKMARK [1][-]{section.1.2}{Previous work}{chapter.1}% 11
\BOOKMARK [1][-]{section.1.3}{Contribution and scope of this report}{chapter.1}% 12
\BOOKMARK [1][-]{section.1.4}{Organization of this report}{chapter.1}% 13
\BOOKMARK [0][-]{chapter.2}{Description of the UAV}{}% 14
\BOOKMARK [1][-]{section.2.1}{APM}{chapter.2}% 15
\BOOKMARK [2][-]{subsection.2.1.1}{Modes of Operation}{section.2.1}% 16
\BOOKMARK [2][-]{subsection.2.1.2}{Sensors}{section.2.1}% 17
\BOOKMARK [2][-]{subsection.2.1.3}{Interfaces}{section.2.1}% 18
\BOOKMARK [1][-]{section.2.2}{PandaBoard ES}{chapter.2}% 19
\BOOKMARK [2][-]{subsection.2.2.1}{Interfaces}{section.2.2}% 20
\BOOKMARK [0][-]{chapter.3}{"Some chapter"}{}% 21
\BOOKMARK [0][-]{chapter.4}{Background Theory}{}% 22
\BOOKMARK [0][-]{chapter.5}{"Some implementation"}{}% 23
\BOOKMARK [0][-]{chapter.6}{Testing and Results}{}% 24
\BOOKMARK [0][-]{chapter.7}{Discussion}{}% 25
\BOOKMARK [0][-]{chapter.8}{Conclusion}{}% 26
\BOOKMARK [0][-]{chapter.8}{Bibliography}{}% 27
\BOOKMARK [0][-]{chapter*.14}{Bibliography}{}% 28
